build/app/outputs/mapping/release/mapping.txt
# compiler: R8
# compiler_version: 1.5.64
# min_api: 21
# pg_map_id: 4d543c7
com.intrack.app.MainActivity -> com.intrack.app.MainActivity:
    android.content.BroadcastReceiver linksReceiver -> e
    java.lang.String EVENTS -> c
    java.lang.String CHANNEL -> b
    java.lang.String startString -> d
    java.lang.String access$getStartString$p(com.intrack.app.MainActivity) -> a
    void access$setLinksReceiver$p(com.intrack.app.MainActivity,android.content.BroadcastReceiver) -> a
    android.content.BroadcastReceiver createChangeReceiver(io.flutter.plugin.common.EventChannel$EventSink) -> a
com.intrack.app.MainActivity$configureFlutterEngine$1 -> com.intrack.app.MainActivity$a:
    com.intrack.app.MainActivity this$0 -> b
com.intrack.app.MainActivity$configureFlutterEngine$2 -> com.intrack.app.MainActivity$b:
    com.intrack.app.MainActivity this$0 -> b
com.intrack.app.MainActivity$createChangeReceiver$1 -> com.intrack.app.MainActivity$c:
    io.flutter.plugin.common.EventChannel$EventSink $events -> a
...
androidx.appcompat.widget.ToolbarWidgetWrapper$2 -> androidx.appcompat.widget.y0$b:
    androidx.appcompat.widget.ToolbarWidgetWrapper this$0 -> c
    boolean mCanceled -> a
    int val$visibility -> b
    void onAnimationCancel(android.view.View) -> a
    void onAnimationEnd(android.view.View) -> b
    void onAnimationStart(android.view.View) -> c
androidx.appcompat.widget.TooltipCompat -> androidx.appcompat.widget.z0:
    void setTooltipText(android.view.View,java.lang.CharSequence) -> a
androidx.appcompat.widget.TooltipCompatHandler -> androidx.appcompat.widget.a1:
    java.lang.Runnable mShowRunnable -> e
    androidx.appcompat.widget.TooltipCompatHandler sActiveHandler -> l
    androidx.appcompat.widget.TooltipCompatHandler sPendingHandler -> k
    boolean mFromTouch -> j
    int mAnchorY -> h
    java.lang.CharSequence mTooltipText -> c
    java.lang.Runnable mHideRunnable -> f
    int mAnchorX -> g
    int mHoverSlop -> d
    android.view.View mAnchor -> b
    androidx.appcompat.widget.TooltipPopup mPopup -> i
    void hide() -> a
    void setPendingHandler(androidx.appcompat.widget.TooltipCompatHandler) -> a
    void setTooltipText(android.view.View,java.lang.CharSequence) -> a
    void show(boolean) -> a
    boolean updateAnchorPos(android.view.MotionEvent) -> a
    void cancelPendingShow() -> b
    void clearAnchorPos() -> c
    void scheduleShow() -> d
androidx.appcompat.widget.TooltipCompatHandler$1 -> androidx.appcompat.widget.a1$a:
    androidx.appcompat.widget.TooltipCompatHandler this$0 -> b
androidx.appcompat.widget.TooltipCompatHandler$2 -> androidx.appcompat.widget.a1$b:
    androidx.appcompat.widget.TooltipCompatHandler this$0 -> b
androidx.appcompat.widget.TooltipPopup -> androidx.appcompat.widget.b1:
    android.content.Context mContext -> a
    int[] mTmpAnchorPos -> f
    int[] mTmpAppPos -> g
    android.widget.TextView mMessageView -> c
    android.graphics.Rect mTmpDisplayFrame -> e
    android.view.View mContentView -> b
    android.view.WindowManager$LayoutParams mLayoutParams -> d
    void computePosition(android.view.View,int,int,boolean,android.view.WindowManager$LayoutParams) -> a
    android.view.View getAppRootView(android.view.View) -> a
    void hide() -> a
    void show(android.view.View,int,int,boolean,java.lang.CharSequence) -> a
    boolean isShowing() -> b
androidx.appcompat.widget.VectorEnabledTintResources -> androidx.appcompat.widget.c1:
    java.lang.ref.WeakReference mContextRef -> a
    boolean sCompatVectorFromResourcesEnabled -> b
    boolean isCompatVectorFromResourcesEnabled() -> a
    android.graphics.drawable.Drawable superGetDrawable(int) -> a
    boolean shouldBeUsed() -> b
androidx.appcompat.widget.ViewStubCompat -> androidx.appcompat.widget.ViewStubCompat:
    android.view.LayoutInflater mInflater -> e
    java.lang.ref.WeakReference mInflatedViewRef -> d
    int mLayoutResource -> b
    androidx.appcompat.widget.ViewStubCompat$OnInflateListener mInflateListener -> f
    int mInflatedId -> c
    android.view.View inflate() -> a
androidx.appcompat.widget.ViewStubCompat$OnInflateListener -> androidx.appcompat.widget.ViewStubCompat$a:
    void onInflate(androidx.appcompat.widget.ViewStubCompat,android.view.View) -> a
androidx.appcompat.widget.ViewUtils -> androidx.appcompat.widget.d1:
    java.lang.reflect.Method sComputeFitSystemWindowsMethod -> a
    void computeFitSystemWindows(android.view.View,android.graphics.Rect,android.graphics.Rect) -> a
    boolean isLayoutRtl(android.view.View) -> a
    void makeOptionalFitsSystemWindows(android.view.View) -> b
androidx.appcompat.widget.WithHint -> androidx.appcompat.widget.e1:
    java.lang.CharSequence getHint() -> a